2025-08-25 13:32:37,757 INFO RPC interface 'supervisor' initialized
2025-08-25 13:32:37,757 CRIT Server 'unix_http_server' running without any HTTP authentication checking
2025-08-25 13:32:37,759 INFO daemonizing the supervisord process
2025-08-25 13:32:37,760 INFO supervisord started with pid 1882
2025-08-25 13:32:38,764 INFO spawned: 'webserver' with pid 1890
2025-08-25 13:32:38,875 WARN exited: webserver (exit status 1; not expected)
2025-08-25 13:32:39,879 INFO spawned: 'webserver' with pid 1902
2025-08-25 13:32:39,988 WARN exited: webserver (exit status 1; not expected)
2025-08-25 13:32:42,533 INFO spawned: 'webserver' with pid 1924
2025-08-25 13:32:42,651 WARN exited: webserver (exit status 1; not expected)
2025-08-25 13:32:45,658 INFO spawned: 'webserver' with pid 1928
2025-08-25 13:32:45,765 WARN exited: webserver (exit status 1; not expected)
2025-08-25 13:32:46,766 INFO gave up: webserver entered FATAL state, too many start retries too quickly
2025-08-25 15:36:40,369 WARN received SIGTERM indicating exit request
2025-08-25 15:36:40,580 INFO RPC interface 'supervisor' initialized
2025-08-25 15:36:40,580 CRIT Server 'unix_http_server' running without any HTTP authentication checking
2025-08-25 15:36:40,582 INFO daemonizing the supervisord process
2025-08-25 15:36:40,584 INFO supervisord started with pid 14066
2025-08-25 15:36:40,758 INFO spawned: 'webserver' with pid 14068
2025-08-25 15:36:40,886 WARN exited: webserver (exit status 1; not expected)
2025-08-25 15:36:41,890 INFO spawned: 'webserver' with pid 14070
2025-08-25 15:36:41,998 WARN exited: webserver (exit status 1; not expected)
2025-08-25 15:36:44,003 INFO spawned: 'webserver' with pid 14089
2025-08-25 15:36:44,125 WARN exited: webserver (exit status 1; not expected)
2025-08-25 15:36:47,131 INFO spawned: 'webserver' with pid 14094
2025-08-25 15:36:47,241 WARN exited: webserver (exit status 1; not expected)
2025-08-25 15:36:48,242 INFO gave up: webserver entered FATAL state, too many start retries too quickly
